mode: atomic
github.com/wesovilabs/koazee/logger/log.go:19.52,20.13 1 2
github.com/wesovilabs/koazee/logger/log.go:20.13,22.3 1 0
github.com/wesovilabs/koazee/errors/errors.go:16.31,18.19 2 21
github.com/wesovilabs/koazee/errors/errors.go:23.2,23.12 1 21
github.com/wesovilabs/koazee/errors/errors.go:18.19,19.28 1 2
github.com/wesovilabs/koazee/errors/errors.go:19.28,21.4 1 4
github.com/wesovilabs/koazee/errors/errors.go:27.88,33.2 1 20
github.com/wesovilabs/koazee/errors/errors.go:36.35,38.2 1 1
github.com/wesovilabs/koazee/errors/errors.go:41.30,43.2 1 5
github.com/wesovilabs/koazee/errors/errors.go:46.58,47.19 1 2
github.com/wesovilabs/koazee/errors/errors.go:50.2,51.10 2 2
github.com/wesovilabs/koazee/errors/errors.go:47.19,49.3 1 1
github.com/wesovilabs/koazee/errors/codes.go:19.69,21.2 1 2
github.com/wesovilabs/koazee/errors/codes.go:24.73,26.2 1 1
github.com/wesovilabs/koazee/errors/codes.go:29.69,31.2 1 1
github.com/wesovilabs/koazee/errors/codes.go:34.70,36.2 1 1
github.com/wesovilabs/koazee/errors/codes.go:39.34,41.2 1 28
github.com/wesovilabs/koazee/adapter.go:12.67,16.43 4 3
github.com/wesovilabs/koazee/adapter.go:20.2,22.10 3 3
github.com/wesovilabs/koazee/adapter.go:16.43,19.3 2 9
github.com/wesovilabs/koazee/koazee.go:11.24,13.2 1 0
github.com/wesovilabs/koazee/koazee.go:16.42,18.16 2 2
github.com/wesovilabs/koazee/koazee.go:19.25,22.11 3 1
github.com/wesovilabs/koazee/koazee.go:23.10,26.11 2 1
github.com/wesovilabs/koazee/stream/with.go:21.31,23.2 1 5
github.com/wesovilabs/koazee/stream/with.go:26.38,28.16 2 5
github.com/wesovilabs/koazee/stream/with.go:39.2,39.10 1 4
github.com/wesovilabs/koazee/stream/with.go:29.25,32.16 3 4
github.com/wesovilabs/koazee/stream/with.go:34.10,36.11 2 1
github.com/wesovilabs/koazee/stream/with.go:42.42,44.2 1 5
github.com/wesovilabs/koazee/stream/with.go:46.42,50.43 4 4
github.com/wesovilabs/koazee/stream/with.go:53.2,53.26 1 4
github.com/wesovilabs/koazee/stream/with.go:50.43,52.3 1 10
github.com/wesovilabs/koazee/stream/out.go:14.30,16.2 1 2
github.com/wesovilabs/koazee/stream/out.go:18.29,19.38 1 26
github.com/wesovilabs/koazee/stream/out.go:22.2,22.30 1 24
github.com/wesovilabs/koazee/stream/out.go:19.38,21.3 1 2
github.com/wesovilabs/koazee/stream/out.go:25.41,26.21 1 26
github.com/wesovilabs/koazee/stream/out.go:29.2,29.12 1 24
github.com/wesovilabs/koazee/stream/out.go:26.21,28.3 1 2
github.com/wesovilabs/koazee/stream/out.go:33.30,35.24 2 65
github.com/wesovilabs/koazee/stream/out.go:38.2,38.36 1 26
github.com/wesovilabs/koazee/stream/out.go:35.24,37.3 1 39
github.com/wesovilabs/koazee/stream/stream.go:54.35,54.53 1 25
github.com/wesovilabs/koazee/stream/stream.go:57.37,57.55 1 59
github.com/wesovilabs/koazee/stream/stream.go:60.29,61.52 1 2
github.com/wesovilabs/koazee/stream/stream.go:64.2,64.14 1 1
github.com/wesovilabs/koazee/stream/stream.go:61.52,63.3 1 1
github.com/wesovilabs/koazee/stream/stream.go:68.33,69.54 1 2
github.com/wesovilabs/koazee/stream/stream.go:72.2,72.11 1 1
github.com/wesovilabs/koazee/stream/stream.go:69.54,71.3 1 1
github.com/wesovilabs/koazee/stream/stream.go:76.27,77.51 1 3
github.com/wesovilabs/koazee/stream/stream.go:80.2,80.10 1 1
github.com/wesovilabs/koazee/stream/stream.go:77.51,79.3 1 2
github.com/wesovilabs/koazee/stream/stream.go:84.29,85.52 1 2
github.com/wesovilabs/koazee/stream/stream.go:88.2,88.10 1 1
github.com/wesovilabs/koazee/stream/stream.go:85.52,87.3 1 1
github.com/wesovilabs/koazee/stream/stream.go:92.31,93.53 1 2
github.com/wesovilabs/koazee/stream/stream.go:96.2,96.10 1 1
github.com/wesovilabs/koazee/stream/stream.go:93.53,95.3 1 1
github.com/wesovilabs/koazee/stream/stream.go:100.31,101.53 1 2
github.com/wesovilabs/koazee/stream/stream.go:104.2,104.10 1 1
github.com/wesovilabs/koazee/stream/stream.go:101.53,103.3 1 1
github.com/wesovilabs/koazee/stream/stream.go:108.31,109.53 1 2
github.com/wesovilabs/koazee/stream/stream.go:112.2,112.10 1 1
github.com/wesovilabs/koazee/stream/stream.go:109.53,111.3 1 1
github.com/wesovilabs/koazee/stream/stream.go:116.29,117.52 1 2
github.com/wesovilabs/koazee/stream/stream.go:120.2,120.10 1 1
github.com/wesovilabs/koazee/stream/stream.go:117.52,119.3 1 1
github.com/wesovilabs/koazee/stream/stream.go:124.31,125.53 1 2
github.com/wesovilabs/koazee/stream/stream.go:128.2,128.10 1 1
github.com/wesovilabs/koazee/stream/stream.go:125.53,127.3 1 1
github.com/wesovilabs/koazee/stream/stream.go:132.33,133.54 1 2
github.com/wesovilabs/koazee/stream/stream.go:136.2,136.10 1 1
github.com/wesovilabs/koazee/stream/stream.go:133.54,135.3 1 1
github.com/wesovilabs/koazee/stream/stream.go:140.33,141.54 1 2
github.com/wesovilabs/koazee/stream/stream.go:144.2,144.10 1 1
github.com/wesovilabs/koazee/stream/stream.go:141.54,143.3 1 1
github.com/wesovilabs/koazee/stream/stream.go:148.33,149.54 1 2
github.com/wesovilabs/koazee/stream/stream.go:152.2,152.10 1 1
github.com/wesovilabs/koazee/stream/stream.go:149.54,151.3 1 1
github.com/wesovilabs/koazee/stream/stream.go:156.35,157.55 1 2
github.com/wesovilabs/koazee/stream/stream.go:160.2,160.13 1 1
github.com/wesovilabs/koazee/stream/stream.go:157.55,159.3 1 1
github.com/wesovilabs/koazee/stream/stream.go:164.35,165.55 1 2
github.com/wesovilabs/koazee/stream/stream.go:168.2,168.13 1 1
github.com/wesovilabs/koazee/stream/stream.go:165.55,167.3 1 1
github.com/wesovilabs/koazee/stream/stream.go:183.32,184.44 1 158
github.com/wesovilabs/koazee/stream/stream.go:201.2,201.28 1 157
github.com/wesovilabs/koazee/stream/stream.go:204.2,207.18 4 55
github.com/wesovilabs/koazee/stream/stream.go:210.2,212.16 3 15
github.com/wesovilabs/koazee/stream/stream.go:184.44,185.35 1 4
github.com/wesovilabs/koazee/stream/stream.go:185.35,187.24 2 7
github.com/wesovilabs/koazee/stream/stream.go:191.4,191.22 1 6
github.com/wesovilabs/koazee/stream/stream.go:187.24,190.5 2 1
github.com/wesovilabs/koazee/stream/stream.go:191.22,193.5 1 3
github.com/wesovilabs/koazee/stream/stream.go:193.10,198.5 1 3
github.com/wesovilabs/koazee/stream/stream.go:201.28,203.3 1 102
github.com/wesovilabs/koazee/stream/stream.go:207.18,209.3 1 40
github.com/wesovilabs/koazee/stream/stream.go:216.31,220.2 1 133
github.com/wesovilabs/koazee/stream/stream.go:223.33,227.2 1 1
github.com/wesovilabs/koazee/stream/quicksort.go:5.97,10.22 5 10
github.com/wesovilabs/koazee/stream/quicksort.go:13.2,13.22 1 6
github.com/wesovilabs/koazee/stream/quicksort.go:17.2,18.47 2 4
github.com/wesovilabs/koazee/stream/quicksort.go:33.2,37.13 5 4
github.com/wesovilabs/koazee/stream/quicksort.go:10.22,12.3 1 4
github.com/wesovilabs/koazee/stream/quicksort.go:13.22,16.3 2 2
github.com/wesovilabs/koazee/stream/quicksort.go:18.47,24.23 6 10
github.com/wesovilabs/koazee/stream/quicksort.go:25.11,26.37 1 3
github.com/wesovilabs/koazee/stream/quicksort.go:27.10,28.41 1 4
github.com/wesovilabs/koazee/stream/quicksort.go:29.10,30.37 1 3
github.com/wesovilabs/koazee/stream/sort.go:16.31,18.2 1 10
github.com/wesovilabs/koazee/stream/sort.go:20.40,21.39 1 10
github.com/wesovilabs/koazee/stream/sort.go:25.2,28.10 4 2
github.com/wesovilabs/koazee/stream/sort.go:21.39,24.3 2 8
github.com/wesovilabs/koazee/stream/sort.go:31.51,32.20 1 10
github.com/wesovilabs/koazee/stream/sort.go:35.2,38.44 3 9
github.com/wesovilabs/koazee/stream/sort.go:41.2,41.34 1 8
github.com/wesovilabs/koazee/stream/sort.go:44.2,44.35 1 6
github.com/wesovilabs/koazee/stream/sort.go:47.2,51.63 4 4
github.com/wesovilabs/koazee/stream/sort.go:54.2,54.40 1 3
github.com/wesovilabs/koazee/stream/sort.go:57.2,57.12 1 2
github.com/wesovilabs/koazee/stream/sort.go:32.20,34.3 1 1
github.com/wesovilabs/koazee/stream/sort.go:38.44,40.3 1 1
github.com/wesovilabs/koazee/stream/sort.go:41.34,43.3 1 2
github.com/wesovilabs/koazee/stream/sort.go:44.35,46.3 1 2
github.com/wesovilabs/koazee/stream/sort.go:51.63,53.3 1 1
github.com/wesovilabs/koazee/stream/sort.go:54.40,56.3 1 1
github.com/wesovilabs/koazee/stream/sort.go:61.40,64.2 2 10
github.com/wesovilabs/koazee/stream/add.go:17.30,19.2 1 13
github.com/wesovilabs/koazee/stream/add.go:22.39,23.39 1 13
github.com/wesovilabs/koazee/stream/add.go:27.2,31.10 5 2
github.com/wesovilabs/koazee/stream/add.go:23.39,26.3 2 11
github.com/wesovilabs/koazee/stream/add.go:34.50,35.20 1 13
github.com/wesovilabs/koazee/stream/add.go:38.2,40.56 3 12
github.com/wesovilabs/koazee/stream/add.go:43.2,43.30 1 11
github.com/wesovilabs/koazee/stream/add.go:47.2,47.12 1 2
github.com/wesovilabs/koazee/stream/add.go:35.20,37.3 1 1
github.com/wesovilabs/koazee/stream/add.go:40.56,42.3 1 1
github.com/wesovilabs/koazee/stream/add.go:43.30,46.3 1 9
github.com/wesovilabs/koazee/stream/add.go:50.42,53.2 2 13
github.com/wesovilabs/koazee/stream/filter.go:16.33,18.2 1 7
github.com/wesovilabs/koazee/stream/filter.go:20.42,21.39 1 7
github.com/wesovilabs/koazee/stream/filter.go:25.2,29.47 5 1
github.com/wesovilabs/koazee/stream/filter.go:37.2,38.10 2 1
github.com/wesovilabs/koazee/stream/filter.go:21.39,24.3 2 6
github.com/wesovilabs/koazee/stream/filter.go:29.47,33.36 4 5
github.com/wesovilabs/koazee/stream/filter.go:33.36,35.4 1 3
github.com/wesovilabs/koazee/stream/filter.go:41.53,42.20 1 7
github.com/wesovilabs/koazee/stream/filter.go:45.2,47.44 3 6
github.com/wesovilabs/koazee/stream/filter.go:50.2,50.34 1 5
github.com/wesovilabs/koazee/stream/filter.go:53.2,53.35 1 4
github.com/wesovilabs/koazee/stream/filter.go:56.2,58.37 3 3
github.com/wesovilabs/koazee/stream/filter.go:63.2,63.34 1 2
github.com/wesovilabs/koazee/stream/filter.go:66.2,66.12 1 1
github.com/wesovilabs/koazee/stream/filter.go:42.20,44.3 1 1
github.com/wesovilabs/koazee/stream/filter.go:47.44,49.3 1 1
github.com/wesovilabs/koazee/stream/filter.go:50.34,52.3 1 1
github.com/wesovilabs/koazee/stream/filter.go:53.35,55.3 1 1
github.com/wesovilabs/koazee/stream/filter.go:58.37,62.3 1 1
github.com/wesovilabs/koazee/stream/filter.go:63.34,65.3 1 1
github.com/wesovilabs/koazee/stream/filter.go:70.42,73.2 2 7
github.com/wesovilabs/koazee/stream/last.go:18.31,20.2 1 3
github.com/wesovilabs/koazee/stream/last.go:22.30,23.38 1 3
github.com/wesovilabs/koazee/stream/last.go:26.2,29.25 4 1
github.com/wesovilabs/koazee/stream/last.go:23.38,25.3 1 2
github.com/wesovilabs/koazee/stream/last.go:32.42,33.21 1 3
github.com/wesovilabs/koazee/stream/last.go:36.2,38.14 3 2
github.com/wesovilabs/koazee/stream/last.go:41.2,41.12 1 1
github.com/wesovilabs/koazee/stream/last.go:33.21,35.3 1 1
github.com/wesovilabs/koazee/stream/last.go:38.14,40.3 1 1
github.com/wesovilabs/koazee/stream/last.go:45.31,47.24 2 4
github.com/wesovilabs/koazee/stream/last.go:50.2,50.37 1 3
github.com/wesovilabs/koazee/stream/last.go:47.24,49.3 1 1
github.com/wesovilabs/koazee/stream/drop.go:16.31,18.2 1 5
github.com/wesovilabs/koazee/stream/drop.go:21.40,22.39 1 5
github.com/wesovilabs/koazee/stream/drop.go:26.2,30.47 5 2
github.com/wesovilabs/koazee/stream/drop.go:35.2,36.10 2 2
github.com/wesovilabs/koazee/stream/drop.go:22.39,25.3 2 3
github.com/wesovilabs/koazee/stream/drop.go:30.47,31.49 1 4
github.com/wesovilabs/koazee/stream/drop.go:31.49,33.4 1 3
github.com/wesovilabs/koazee/stream/drop.go:39.51,40.20 1 5
github.com/wesovilabs/koazee/stream/drop.go:43.2,45.56 3 4
github.com/wesovilabs/koazee/stream/drop.go:48.2,48.30 1 3
github.com/wesovilabs/koazee/stream/drop.go:52.2,52.12 1 2
github.com/wesovilabs/koazee/stream/drop.go:40.20,42.3 1 1
github.com/wesovilabs/koazee/stream/drop.go:45.56,47.3 1 1
github.com/wesovilabs/koazee/stream/drop.go:48.30,51.3 1 1
github.com/wesovilabs/koazee/stream/drop.go:55.43,58.2 2 5
github.com/wesovilabs/koazee/stream/first.go:18.32,20.2 1 32
github.com/wesovilabs/koazee/stream/first.go:22.31,23.38 1 32
github.com/wesovilabs/koazee/stream/first.go:26.2,29.25 4 29
github.com/wesovilabs/koazee/stream/first.go:23.38,25.3 1 3
github.com/wesovilabs/koazee/stream/first.go:32.43,33.21 1 32
github.com/wesovilabs/koazee/stream/first.go:36.2,38.14 3 30
github.com/wesovilabs/koazee/stream/first.go:41.2,41.12 1 29
github.com/wesovilabs/koazee/stream/first.go:33.21,35.3 1 2
github.com/wesovilabs/koazee/stream/first.go:38.14,40.3 1 1
github.com/wesovilabs/koazee/stream/first.go:45.32,47.24 2 33
github.com/wesovilabs/koazee/stream/first.go:50.2,50.38 1 32
github.com/wesovilabs/koazee/stream/first.go:47.24,49.3 1 1
github.com/wesovilabs/koazee/stream/forEach.go:18.34,20.2 1 8
github.com/wesovilabs/koazee/stream/forEach.go:22.43,23.39 1 7
github.com/wesovilabs/koazee/stream/forEach.go:27.2,29.43 3 1
github.com/wesovilabs/koazee/stream/forEach.go:35.2,36.10 2 1
github.com/wesovilabs/koazee/stream/forEach.go:23.39,26.3 2 6
github.com/wesovilabs/koazee/stream/forEach.go:29.43,34.3 4 4
github.com/wesovilabs/koazee/stream/forEach.go:39.54,40.20 1 7
github.com/wesovilabs/koazee/stream/forEach.go:43.2,45.44 3 6
github.com/wesovilabs/koazee/stream/forEach.go:48.2,48.34 1 5
github.com/wesovilabs/koazee/stream/forEach.go:51.2,51.35 1 3
github.com/wesovilabs/koazee/stream/forEach.go:54.2,55.30 2 2
github.com/wesovilabs/koazee/stream/forEach.go:60.2,60.12 1 1
github.com/wesovilabs/koazee/stream/forEach.go:40.20,42.3 1 1
github.com/wesovilabs/koazee/stream/forEach.go:45.44,47.3 1 1
github.com/wesovilabs/koazee/stream/forEach.go:48.34,50.3 1 2
github.com/wesovilabs/koazee/stream/forEach.go:51.35,53.3 1 1
github.com/wesovilabs/koazee/stream/forEach.go:55.30,59.3 1 1
github.com/wesovilabs/koazee/stream/forEach.go:64.43,67.2 2 7
github.com/wesovilabs/koazee/stream/removeduplicates.go:15.43,17.2 1 6
github.com/wesovilabs/koazee/stream/removeduplicates.go:19.52,20.39 1 6
github.com/wesovilabs/koazee/stream/removeduplicates.go:25.2,28.47 4 5
github.com/wesovilabs/koazee/stream/removeduplicates.go:34.2,35.10 2 5
github.com/wesovilabs/koazee/stream/removeduplicates.go:20.39,23.3 2 1
github.com/wesovilabs/koazee/stream/removeduplicates.go:28.47,30.51 1 12
github.com/wesovilabs/koazee/stream/removeduplicates.go:30.51,32.4 1 9
github.com/wesovilabs/koazee/stream/removeduplicates.go:38.63,39.20 1 6
github.com/wesovilabs/koazee/stream/removeduplicates.go:42.2,42.12 1 5
github.com/wesovilabs/koazee/stream/removeduplicates.go:39.20,41.3 1 1
github.com/wesovilabs/koazee/stream/removeduplicates.go:47.38,50.2 2 6
github.com/wesovilabs/koazee/stream/removeduplicates.go:52.67,53.47 1 12
github.com/wesovilabs/koazee/stream/removeduplicates.go:65.2,65.14 1 9
github.com/wesovilabs/koazee/stream/removeduplicates.go:53.47,55.47 1 11
github.com/wesovilabs/koazee/stream/removeduplicates.go:55.47,56.73 1 2
github.com/wesovilabs/koazee/stream/removeduplicates.go:56.73,58.5 1 1
github.com/wesovilabs/koazee/stream/removeduplicates.go:59.9,60.59 1 9
github.com/wesovilabs/koazee/stream/removeduplicates.go:60.59,62.5 1 2
github.com/wesovilabs/koazee/stream/at.go:19.29,21.2 1 5
github.com/wesovilabs/koazee/stream/at.go:23.28,24.38 1 5
github.com/wesovilabs/koazee/stream/at.go:27.2,30.25 4 1
github.com/wesovilabs/koazee/stream/at.go:24.38,26.3 1 4
github.com/wesovilabs/koazee/stream/at.go:33.40,34.21 1 5
github.com/wesovilabs/koazee/stream/at.go:38.2,40.14 3 4
github.com/wesovilabs/koazee/stream/at.go:44.2,44.38 1 3
github.com/wesovilabs/koazee/stream/at.go:49.2,49.12 1 1
github.com/wesovilabs/koazee/stream/at.go:34.21,37.3 1 1
github.com/wesovilabs/koazee/stream/at.go:40.14,43.3 1 1
github.com/wesovilabs/koazee/stream/at.go:44.38,48.3 1 2
github.com/wesovilabs/koazee/stream/at.go:53.38,55.24 2 6
github.com/wesovilabs/koazee/stream/at.go:58.2,58.42 1 5
github.com/wesovilabs/koazee/stream/at.go:55.24,57.3 1 1
github.com/wesovilabs/koazee/stream/compose.go:17.34,19.2 1 1
github.com/wesovilabs/koazee/stream/compose.go:22.41,23.48 1 5
github.com/wesovilabs/koazee/stream/compose.go:27.2,27.22 1 4
github.com/wesovilabs/koazee/stream/compose.go:30.2,30.33 1 4
github.com/wesovilabs/koazee/stream/compose.go:33.2,33.10 1 4
github.com/wesovilabs/koazee/stream/compose.go:23.48,26.3 2 1
github.com/wesovilabs/koazee/stream/compose.go:27.22,29.3 1 4
github.com/wesovilabs/koazee/stream/compose.go:30.33,32.3 1 8
github.com/wesovilabs/koazee/stream/compose.go:36.56,37.23 1 5
github.com/wesovilabs/koazee/stream/compose.go:40.2,42.28 2 5
github.com/wesovilabs/koazee/stream/compose.go:52.2,52.12 1 4
github.com/wesovilabs/koazee/stream/compose.go:37.23,39.3 1 0
github.com/wesovilabs/koazee/stream/compose.go:42.28,44.30 1 10
github.com/wesovilabs/koazee/stream/compose.go:44.30,46.48 2 8
github.com/wesovilabs/koazee/stream/compose.go:49.4,49.24 1 7
github.com/wesovilabs/koazee/stream/compose.go:46.48,48.5 1 1
github.com/wesovilabs/koazee/stream/compose.go:55.41,58.2 2 5
github.com/wesovilabs/koazee/stream/count.go:18.32,20.2 1 11
github.com/wesovilabs/koazee/stream/count.go:22.45,23.38 1 11
github.com/wesovilabs/koazee/stream/count.go:26.2,28.30 3 10
github.com/wesovilabs/koazee/stream/count.go:23.38,25.3 1 1
github.com/wesovilabs/koazee/stream/count.go:31.43,32.21 1 11
github.com/wesovilabs/koazee/stream/count.go:35.2,35.12 1 10
github.com/wesovilabs/koazee/stream/count.go:32.21,34.3 1 1
github.com/wesovilabs/koazee/stream/count.go:39.46,41.24 2 12
github.com/wesovilabs/koazee/stream/count.go:44.2,44.38 1 11
github.com/wesovilabs/koazee/stream/count.go:41.24,43.3 1 1
github.com/wesovilabs/koazee/stream/utils.go:7.42,9.2 1 24
github.com/wesovilabs/koazee/stream/utils.go:11.54,12.23 1 14
github.com/wesovilabs/koazee/stream/utils.go:15.2,15.36 1 12
github.com/wesovilabs/koazee/stream/utils.go:12.23,14.3 1 2
github.com/wesovilabs/koazee/stream/utils.go:18.51,20.2 1 4
github.com/wesovilabs/koazee/stream/utils.go:22.53,24.2 1 18
github.com/wesovilabs/koazee/stream/contains.go:19.35,21.2 1 6
github.com/wesovilabs/koazee/stream/contains.go:23.49,24.38 1 6
github.com/wesovilabs/koazee/stream/contains.go:27.2,29.47 3 3
github.com/wesovilabs/koazee/stream/contains.go:35.2,36.19 2 2
github.com/wesovilabs/koazee/stream/contains.go:24.38,26.3 1 3
github.com/wesovilabs/koazee/stream/contains.go:29.47,30.53 1 6
github.com/wesovilabs/koazee/stream/contains.go:30.53,33.4 2 1
github.com/wesovilabs/koazee/stream/contains.go:39.46,40.21 1 6
github.com/wesovilabs/koazee/stream/contains.go:43.2,44.58 2 5
github.com/wesovilabs/koazee/stream/contains.go:47.2,48.30 2 4
github.com/wesovilabs/koazee/stream/contains.go:52.2,52.12 1 3
github.com/wesovilabs/koazee/stream/contains.go:40.21,42.3 1 1
github.com/wesovilabs/koazee/stream/contains.go:44.58,46.3 1 1
github.com/wesovilabs/koazee/stream/contains.go:48.30,51.3 1 1
github.com/wesovilabs/koazee/stream/contains.go:56.69,58.24 2 7
github.com/wesovilabs/koazee/stream/contains.go:61.2,61.50 1 6
github.com/wesovilabs/koazee/stream/contains.go:58.24,60.3 1 1
github.com/wesovilabs/koazee/stream/map.go:16.36,18.2 1 7
github.com/wesovilabs/koazee/stream/map.go:20.45,21.39 1 7
github.com/wesovilabs/koazee/stream/map.go:25.2,29.47 5 2
github.com/wesovilabs/koazee/stream/map.go:39.2,40.10 2 2
github.com/wesovilabs/koazee/stream/map.go:21.39,24.3 2 5
github.com/wesovilabs/koazee/stream/map.go:29.47,31.36 2 8
github.com/wesovilabs/koazee/stream/map.go:36.3,37.49 2 8
github.com/wesovilabs/koazee/stream/map.go:31.36,33.4 1 3
github.com/wesovilabs/koazee/stream/map.go:33.9,35.4 1 5
github.com/wesovilabs/koazee/stream/map.go:43.56,44.20 1 7
github.com/wesovilabs/koazee/stream/map.go:47.2,49.44 3 6
github.com/wesovilabs/koazee/stream/map.go:52.2,52.34 1 5
github.com/wesovilabs/koazee/stream/map.go:55.2,55.35 1 4
github.com/wesovilabs/koazee/stream/map.go:58.2,59.30 2 3
github.com/wesovilabs/koazee/stream/map.go:64.2,64.12 1 2
github.com/wesovilabs/koazee/stream/map.go:44.20,46.3 1 1
github.com/wesovilabs/koazee/stream/map.go:49.44,51.3 1 1
github.com/wesovilabs/koazee/stream/map.go:52.34,54.3 1 1
github.com/wesovilabs/koazee/stream/map.go:55.35,57.3 1 1
github.com/wesovilabs/koazee/stream/map.go:59.30,63.3 1 1
github.com/wesovilabs/koazee/stream/map.go:68.39,71.2 2 7
github.com/wesovilabs/koazee/stream/reduce.go:19.33,21.2 1 9
github.com/wesovilabs/koazee/stream/reduce.go:23.32,25.38 1 9
github.com/wesovilabs/koazee/stream/reduce.go:28.2,31.47 4 2
github.com/wesovilabs/koazee/stream/reduce.go:38.2,39.37 2 2
github.com/wesovilabs/koazee/stream/reduce.go:25.38,27.3 1 7
github.com/wesovilabs/koazee/stream/reduce.go:31.47,37.3 5 6
github.com/wesovilabs/koazee/stream/reduce.go:42.44,43.21 1 9
github.com/wesovilabs/koazee/stream/reduce.go:46.2,48.44 3 8
github.com/wesovilabs/koazee/stream/reduce.go:51.2,51.34 1 7
github.com/wesovilabs/koazee/stream/reduce.go:54.2,54.35 1 5
github.com/wesovilabs/koazee/stream/reduce.go:57.2,60.31 4 4
github.com/wesovilabs/koazee/stream/reduce.go:64.2,64.34 1 3
github.com/wesovilabs/koazee/stream/reduce.go:68.2,68.12 1 2
github.com/wesovilabs/koazee/stream/reduce.go:43.21,45.3 1 1
github.com/wesovilabs/koazee/stream/reduce.go:48.44,50.3 1 1
github.com/wesovilabs/koazee/stream/reduce.go:51.34,53.3 1 2
github.com/wesovilabs/koazee/stream/reduce.go:54.35,56.3 1 1
github.com/wesovilabs/koazee/stream/reduce.go:60.31,63.3 1 1
github.com/wesovilabs/koazee/stream/reduce.go:64.34,67.3 1 1
github.com/wesovilabs/koazee/stream/reduce.go:72.47,74.24 2 9
github.com/wesovilabs/koazee/stream/reduce.go:77.2,77.43 1 9
github.com/wesovilabs/koazee/stream/reduce.go:74.24,76.3 1 0
github.com/wesovilabs/koazee/utils/types.go:20.44,21.19 1 14
github.com/wesovilabs/koazee/utils/types.go:24.2,24.20 1 7
github.com/wesovilabs/koazee/utils/types.go:21.19,23.3 1 7
github.com/wesovilabs/koazee/utils/types.go:27.37,29.2 1 14
